<?xml version="1.0" encoding="UTF-8"?>
<coverage generated="1740154218894" clover="3.2.0">
  <project timestamp="1740154218894" name="All files">
    <metrics statements="35" coveredstatements="35" conditionals="24" coveredconditionals="23" methods="3" coveredmethods="3" elements="62" coveredelements="61" complexity="0" loc="35" ncloc="35" packages="1" files="1" classes="1"/>
    <file name="main.js" path="/Users/stephenawuah/Guardify/src/main.js">
      <metrics statements="35" coveredstatements="35" conditionals="24" coveredconditionals="23" methods="3" coveredmethods="3"/>
      <line num="3" count="1" type="cond" truecount="1" falsecount="0"/>
      <line num="18" count="12" type="stmt"/>
      <line num="20" count="12" type="stmt"/>
      <line num="21" count="12" type="stmt"/>
      <line num="22" count="12" type="cond" truecount="2" falsecount="0"/>
      <line num="23" count="11" type="stmt"/>
      <line num="25" count="11" type="cond" truecount="2" falsecount="0"/>
      <line num="26" count="10" type="stmt"/>
      <line num="28" count="11" type="cond" truecount="2" falsecount="0"/>
      <line num="29" count="10" type="stmt"/>
      <line num="31" count="11" type="cond" truecount="1" falsecount="1"/>
      <line num="32" count="11" type="stmt"/>
      <line num="36" count="11" type="stmt"/>
      <line num="37" count="11" type="stmt"/>
      <line num="38" count="11" type="stmt"/>
      <line num="39" count="11" type="stmt"/>
      <line num="40" count="11" type="stmt"/>
      <line num="41" count="11" type="stmt"/>
      <line num="42" count="11" type="stmt"/>
      <line num="43" count="11" type="stmt"/>
      <line num="44" count="11" type="stmt"/>
      <line num="45" count="11" type="stmt"/>
      <line num="46" count="11" type="stmt"/>
      <line num="47" count="11" type="stmt"/>
      <line num="48" count="11" type="stmt"/>
      <line num="51" count="11" type="cond" truecount="2" falsecount="0"/>
      <line num="52" count="1" type="stmt"/>
      <line num="53" count="1" type="stmt"/>
      <line num="54" count="1" type="stmt"/>
      <line num="58" count="11" type="stmt"/>
      <line num="59" count="2" type="stmt"/>
      <line num="62" count="11" type="stmt"/>
      <line num="64" count="1" type="stmt"/>
      <line num="65" count="1" type="stmt"/>
      <line num="70" count="1" type="stmt"/>
    </file>
  </project>
</coverage>
