{"/Users/stephenawuah/Guardify/src/main.js": {"path":"/Users/stephenawuah/Guardify/src/main.js","statementMap":{"0":{"start":{"line":3,"column":17},"end":{"line":68,"column":1}},"1":{"start":{"line":18,"column":8},"end":{"line":18,"column":15}},"2":{"start":{"line":20,"column":4},"end":{"line":67,"column":6}},"3":{"start":{"line":21,"column":8},"end":{"line":66,"column":9}},"4":{"start":{"line":22,"column":12},"end":{"line":24,"column":13}},"5":{"start":{"line":23,"column":16},"end":{"line":23,"column":112}},"6":{"start":{"line":25,"column":12},"end":{"line":27,"column":13}},"7":{"start":{"line":26,"column":16},"end":{"line":26,"column":67}},"8":{"start":{"line":28,"column":12},"end":{"line":30,"column":13}},"9":{"start":{"line":29,"column":16},"end":{"line":29,"column":57}},"10":{"start":{"line":31,"column":12},"end":{"line":33,"column":13}},"11":{"start":{"line":32,"column":16},"end":{"line":32,"column":49}},"12":{"start":{"line":36,"column":12},"end":{"line":36,"column":76}},"13":{"start":{"line":37,"column":12},"end":{"line":37,"column":61}},"14":{"start":{"line":38,"column":12},"end":{"line":38,"column":67}},"15":{"start":{"line":39,"column":12},"end":{"line":39,"column":63}},"16":{"start":{"line":40,"column":12},"end":{"line":40,"column":65}},"17":{"start":{"line":41,"column":12},"end":{"line":41,"column":74}},"18":{"start":{"line":42,"column":12},"end":{"line":42,"column":71}},"19":{"start":{"line":43,"column":12},"end":{"line":43,"column":73}},"20":{"start":{"line":44,"column":12},"end":{"line":44,"column":100}},"21":{"start":{"line":45,"column":12},"end":{"line":45,"column":48}},"22":{"start":{"line":46,"column":12},"end":{"line":46,"column":42}},"23":{"start":{"line":47,"column":12},"end":{"line":47,"column":59}},"24":{"start":{"line":48,"column":12},"end":{"line":48,"column":39}},"25":{"start":{"line":51,"column":12},"end":{"line":55,"column":13}},"26":{"start":{"line":52,"column":16},"end":{"line":52,"column":73}},"27":{"start":{"line":53,"column":16},"end":{"line":53,"column":75}},"28":{"start":{"line":54,"column":16},"end":{"line":54,"column":75}},"29":{"start":{"line":58,"column":12},"end":{"line":60,"column":15}},"30":{"start":{"line":59,"column":16},"end":{"line":59,"column":42}},"31":{"start":{"line":62,"column":12},"end":{"line":62,"column":19}},"32":{"start":{"line":64,"column":12},"end":{"line":64,"column":63}},"33":{"start":{"line":65,"column":12},"end":{"line":65,"column":24}},"34":{"start":{"line":70,"column":0},"end":{"line":70,"column":26}}},"fnMap":{"0":{"name":"(anonymous_0)","decl":{"start":{"line":3,"column":17},"end":{"line":3,"column":18}},"loc":{"start":{"line":3,"column":35},"end":{"line":68,"column":1}},"line":3},"1":{"name":"(anonymous_1)","decl":{"start":{"line":20,"column":11},"end":{"line":20,"column":12}},"loc":{"start":{"line":20,"column":31},"end":{"line":67,"column":5}},"line":20},"2":{"name":"(anonymous_2)","decl":{"start":{"line":58,"column":50},"end":{"line":58,"column":51}},"loc":{"start":{"line":58,"column":68},"end":{"line":60,"column":13}},"line":58}},"branchMap":{"0":{"loc":{"start":{"line":3,"column":18},"end":{"line":3,"column":30}},"type":"default-arg","locations":[{"start":{"line":3,"column":28},"end":{"line":3,"column":30}}],"line":3},"1":{"loc":{"start":{"line":5,"column":8},"end":{"line":5,"column":25}},"type":"default-arg","locations":[{"start":{"line":5,"column":21},"end":{"line":5,"column":25}}],"line":5},"2":{"loc":{"start":{"line":6,"column":8},"end":{"line":6,"column":29}},"type":"default-arg","locations":[{"start":{"line":6,"column":21},"end":{"line":6,"column":29}}],"line":6},"3":{"loc":{"start":{"line":7,"column":8},"end":{"line":7,"column":34}},"type":"default-arg","locations":[{"start":{"line":7,"column":30},"end":{"line":7,"column":34}}],"line":7},"4":{"loc":{"start":{"line":8,"column":8},"end":{"line":8,"column":34}},"type":"default-arg","locations":[{"start":{"line":8,"column":30},"end":{"line":8,"column":34}}],"line":8},"5":{"loc":{"start":{"line":9,"column":8},"end":{"line":9,"column":24}},"type":"default-arg","locations":[{"start":{"line":9,"column":20},"end":{"line":9,"column":24}}],"line":9},"6":{"loc":{"start":{"line":10,"column":8},"end":{"line":10,"column":26}},"type":"default-arg","locations":[{"start":{"line":10,"column":21},"end":{"line":10,"column":26}}],"line":10},"7":{"loc":{"start":{"line":11,"column":8},"end":{"line":11,"column":24}},"type":"default-arg","locations":[{"start":{"line":11,"column":21},"end":{"line":11,"column":24}}],"line":11},"8":{"loc":{"start":{"line":12,"column":8},"end":{"line":12,"column":46}},"type":"default-arg","locations":[{"start":{"line":12,"column":22},"end":{"line":12,"column":46}}],"line":12},"9":{"loc":{"start":{"line":13,"column":8},"end":{"line":13,"column":51}},"type":"default-arg","locations":[{"start":{"line":13,"column":22},"end":{"line":13,"column":51}}],"line":13},"10":{"loc":{"start":{"line":14,"column":8},"end":{"line":14,"column":89}},"type":"default-arg","locations":[{"start":{"line":14,"column":32},"end":{"line":14,"column":89}}],"line":14},"11":{"loc":{"start":{"line":15,"column":8},"end":{"line":15,"column":53}},"type":"default-arg","locations":[{"start":{"line":15,"column":25},"end":{"line":15,"column":53}}],"line":15},"12":{"loc":{"start":{"line":16,"column":8},"end":{"line":16,"column":63}},"type":"default-arg","locations":[{"start":{"line":16,"column":28},"end":{"line":16,"column":63}}],"line":16},"13":{"loc":{"start":{"line":17,"column":8},"end":{"line":17,"column":26}},"type":"default-arg","locations":[{"start":{"line":17,"column":24},"end":{"line":17,"column":26}}],"line":17},"14":{"loc":{"start":{"line":22,"column":12},"end":{"line":24,"column":13}},"type":"if","locations":[{"start":{"line":22,"column":12},"end":{"line":24,"column":13}},{"start":{},"end":{}}],"line":22},"15":{"loc":{"start":{"line":25,"column":12},"end":{"line":27,"column":13}},"type":"if","locations":[{"start":{"line":25,"column":12},"end":{"line":27,"column":13}},{"start":{},"end":{}}],"line":25},"16":{"loc":{"start":{"line":28,"column":12},"end":{"line":30,"column":13}},"type":"if","locations":[{"start":{"line":28,"column":12},"end":{"line":30,"column":13}},{"start":{},"end":{}}],"line":28},"17":{"loc":{"start":{"line":31,"column":12},"end":{"line":33,"column":13}},"type":"if","locations":[{"start":{"line":31,"column":12},"end":{"line":33,"column":13}},{"start":{},"end":{}}],"line":31},"18":{"loc":{"start":{"line":51,"column":12},"end":{"line":55,"column":13}},"type":"if","locations":[{"start":{"line":51,"column":12},"end":{"line":55,"column":13}},{"start":{},"end":{}}],"line":51}},"s":{"0":1,"1":12,"2":12,"3":12,"4":12,"5":11,"6":11,"7":10,"8":11,"9":10,"10":11,"11":11,"12":11,"13":11,"14":11,"15":11,"16":11,"17":11,"18":11,"19":11,"20":11,"21":11,"22":11,"23":11,"24":11,"25":11,"26":1,"27":1,"28":1,"29":11,"30":2,"31":11,"32":1,"33":1,"34":1},"f":{"0":12,"1":12,"2":2},"b":{"0":[2],"1":[11],"2":[11],"3":[11],"4":[11],"5":[11],"6":[11],"7":[11],"8":[11],"9":[11],"10":[11],"11":[11],"12":[11],"13":[11],"14":[11,1],"15":[10,1],"16":[10,1],"17":[11,0],"18":[1,10]},"_coverageSchema":"1a1c01bbd47fc00a2c39e90264f33305004495a9","hash":"5a8523124f0c64f7be0f5c653b03eb7567489b19"}
}
