TN:
SF:src/main.js
FN:3,(anonymous_0)
FN:20,(anonymous_1)
FN:58,(anonymous_2)
FNF:3
FNH:3
FNDA:12,(anonymous_0)
FNDA:12,(anonymous_1)
FNDA:2,(anonymous_2)
DA:3,1
DA:18,12
DA:20,12
DA:21,12
DA:22,12
DA:23,11
DA:25,11
DA:26,10
DA:28,11
DA:29,10
DA:31,11
DA:32,11
DA:36,11
DA:37,11
DA:38,11
DA:39,11
DA:40,11
DA:41,11
DA:42,11
DA:43,11
DA:44,11
DA:45,11
DA:46,11
DA:47,11
DA:48,11
DA:51,11
DA:52,1
DA:53,1
DA:54,1
DA:58,11
DA:59,2
DA:62,11
DA:64,1
DA:65,1
DA:70,1
LF:35
LH:35
BRDA:3,0,0,2
BRDA:5,1,0,11
BRDA:6,2,0,11
BRDA:7,3,0,11
BRDA:8,4,0,11
BRDA:9,5,0,11
BRDA:10,6,0,11
BRDA:11,7,0,11
BRDA:12,8,0,11
BRDA:13,9,0,11
BRDA:14,10,0,11
BRDA:15,11,0,11
BRDA:16,12,0,11
BRDA:17,13,0,11
BRDA:22,14,0,11
BRDA:22,14,1,1
BRDA:25,15,0,10
BRDA:25,15,1,1
BRDA:28,16,0,10
BRDA:28,16,1,1
BRDA:31,17,0,11
BRDA:31,17,1,0
BRDA:51,18,0,1
BRDA:51,18,1,10
BRF:24
BRH:23
end_of_record
